# JRE version: OpenJDK Runtime Environment (8.0_362-b09) (build 1.8.0_362-b09)
# Java VM: OpenJDK 64-Bit Server VM (25.362-b09 mixed mode linux-amd64 compressed oops)
Heap:
 PSYoungGen      total 133632K, used 118097K [0x000000076e000000, 0x0000000776c80000, 0x00000007c0000000)
  eden space 123392K, 95% used [0x000000076e000000,0x0000000775354500,0x0000000775880000)
  from space 10240K, 0% used [0x0000000776280000,0x0000000776280000,0x0000000776c80000)
  to   space 10240K, 0% used [0x0000000775880000,0x0000000775880000,0x0000000776280000)
 ParOldGen       total 75776K, used 10305K [0x00000006ca000000, 0x00000006cea00000, 0x000000076e000000)
  object space 75776K, 13% used [0x00000006ca000000,0x00000006caa10688,0x00000006cea00000)
 Metaspace       used 28074K, capacity 28520K, committed 28800K, reserved 1075200K
  class space    used 3041K, capacity 3153K, committed 3200K, reserved 1048576K
GC Heap History (10 events):
Event: 1.460 GC heap before
{Heap before GC invocations=3 (full 1):
 PSYoungGen      total 73728K, used 5471K [0x000000076e000000, 0x0000000777000000, 0x00000007c0000000)
  eden space 63488K, 0% used [0x000000076e000000,0x000000076e000000,0x0000000771e00000)
  from space 10240K, 53% used [0x0000000772800000,0x0000000772d57d70,0x0000000773200000)
  to   space 10240K, 0% used [0x0000000771e00000,0x0000000771e00000,0x0000000772800000)
 ParOldGen       total 167936K, used 2184K [0x00000006ca000000, 0x00000006d4400000, 0x000000076e000000)
  object space 167936K, 1% used [0x00000006ca000000,0x00000006ca2220f0,0x00000006d4400000)
 Metaspace       used 20818K, capacity 21060K, committed 21296K, reserved 1069056K
  class space    used 2202K, capacity 2321K, committed 2432K, reserved 1048576K
Event: 1.486 GC heap after
Heap after GC invocations=3 (full 1):
 PSYoungGen      total 73728K, used 0K [0x000000076e000000, 0x0000000777000000, 0x00000007c0000000)
  eden space 63488K, 0% used [0x000000076e000000,0x000000076e000000,0x0000000771e00000)
  from space 10240K, 0% used [0x0000000772800000,0x0000000772800000,0x0000000773200000)
  to   space 10240K, 0% used [0x0000000771e00000,0x0000000771e00000,0x0000000772800000)
 ParOldGen       total 75776K, used 5419K [0x00000006ca000000, 0x00000006cea00000, 0x000000076e000000)
  object space 75776K, 7% used [0x00000006ca000000,0x00000006ca54ac40,0x00000006cea00000)
 Metaspace       used 20818K, capacity 21060K, committed 21296K, reserved 1069056K
  class space    used 2202K, capacity 2321K, committed 2432K, reserved 1048576K
}
Event: 9.362 GC heap before
{Heap before GC invocations=4 (full 1):
 PSYoungGen      total 73728K, used 27766K [0x000000076e000000, 0x0000000777000000, 0x00000007c0000000)
  eden space 63488K, 43% used [0x000000076e000000,0x000000076fb1d9a8,0x0000000771e00000)
  from space 10240K, 0% used [0x0000000772800000,0x0000000772800000,0x0000000773200000)
  to   space 10240K, 0% used [0x0000000771e00000,0x0000000771e00000,0x0000000772800000)
 ParOldGen       total 75776K, used 5419K [0x00000006ca000000, 0x00000006cea00000, 0x000000076e000000)
  object space 75776K, 7% used [0x00000006ca000000,0x00000006ca54ac40,0x00000006cea00000)
 Metaspace       used 25060K, capacity 25402K, committed 25728K, reserved 1073152K
  class space    used 2708K, capacity 2824K, committed 2944K, reserved 1048576K
Event: 9.366 GC heap after
Heap after GC invocations=4 (full 1):
 PSYoungGen      total 73728K, used 3984K [0x000000076e000000, 0x0000000776c80000, 0x00000007c0000000)
  eden space 63488K, 0% used [0x000000076e000000,0x000000076e000000,0x0000000771e00000)
  from space 10240K, 38% used [0x0000000771e00000,0x00000007721e40d8,0x0000000772800000)
  to   space 10240K, 0% used [0x0000000776280000,0x0000000776280000,0x0000000776c80000)
 ParOldGen       total 75776K, used 5427K [0x00000006ca000000, 0x00000006cea00000, 0x000000076e000000)
  object space 75776K, 7% used [0x00000006ca000000,0x00000006ca54cc40,0x00000006cea00000)
 Metaspace       used 25060K, capacity 25402K, committed 25728K, reserved 1073152K
  class space    used 2708K, capacity 2824K, committed 2944K, reserved 1048576K
}
Event: 9.366 GC heap before
{Heap before GC invocations=5 (full 2):
 PSYoungGen      total 73728K, used 3984K [0x000000076e000000, 0x0000000776c80000, 0x00000007c0000000)
  eden space 63488K, 0% used [0x000000076e000000,0x000000076e000000,0x0000000771e00000)
  from space 10240K, 38% used [0x0000000771e00000,0x00000007721e40d8,0x0000000772800000)
  to   space 10240K, 0% used [0x0000000776280000,0x0000000776280000,0x0000000776c80000)
 ParOldGen       total 75776K, used 5427K [0x00000006ca000000, 0x00000006cea00000, 0x000000076e000000)
  object space 75776K, 7% used [0x00000006ca000000,0x00000006ca54cc40,0x00000006cea00000)
 Metaspace       used 25060K, capacity 25402K, committed 25728K, reserved 1073152K
  class space    used 2708K, capacity 2824K, committed 2944K, reserved 1048576K
Event: 9.415 GC heap after
Heap after GC invocations=5 (full 2):
 PSYoungGen      total 73728K, used 0K [0x000000076e000000, 0x0000000776c80000, 0x00000007c0000000)
  eden space 63488K, 0% used [0x000000076e000000,0x000000076e000000,0x0000000771e00000)
  from space 10240K, 0% used [0x0000000771e00000,0x0000000771e00000,0x0000000772800000)
  to   space 10240K, 0% used [0x0000000776280000,0x0000000776280000,0x0000000776c80000)
 ParOldGen       total 75776K, used 8983K [0x00000006ca000000, 0x00000006cea00000, 0x000000076e000000)
  object space 75776K, 11% used [0x00000006ca000000,0x00000006ca8c5e38,0x00000006cea00000)
 Metaspace       used 25060K, capacity 25402K, committed 25728K, reserved 1073152K
  class space    used 2708K, capacity 2824K, committed 2944K, reserved 1048576K
}
Event: 9.672 GC heap before
{Heap before GC invocations=6 (full 2):
 PSYoungGen      total 73728K, used 27240K [0x000000076e000000, 0x0000000776c80000, 0x00000007c0000000)
  eden space 63488K, 42% used [0x000000076e000000,0x000000076fa9a110,0x0000000771e00000)
  from space 10240K, 0% used [0x0000000771e00000,0x0000000771e00000,0x0000000772800000)
  to   space 10240K, 0% used [0x0000000776280000,0x0000000776280000,0x0000000776c80000)
 ParOldGen       total 75776K, used 8983K [0x00000006ca000000, 0x00000006cea00000, 0x000000076e000000)
  object space 75776K, 11% used [0x00000006ca000000,0x00000006ca8c5e38,0x00000006cea00000)
 Metaspace       used 27005K, capacity 27448K, committed 27776K, reserved 1073152K
  class space    used 2988K, capacity 3107K, committed 3200K, reserved 1048576K
Event: 9.678 GC heap after
Heap after GC invocations=6 (full 2):
 PSYoungGen      total 133632K, used 2657K [0x000000076e000000, 0x0000000776c80000, 0x00000007c0000000)
  eden space 123392K, 0% used [0x000000076e000000,0x000000076e000000,0x0000000775880000)
  from space 10240K, 25% used [0x0000000776280000,0x0000000776518580,0x0000000776c80000)
  to   space 10240K, 0% used [0x0000000775880000,0x0000000775880000,0x0000000776280000)
 ParOldGen       total 75776K, used 8983K [0x00000006ca000000, 0x00000006cea00000, 0x000000076e000000)
  object space 75776K, 11% used [0x00000006ca000000,0x00000006ca8c5e38,0x00000006cea00000)
 Metaspace       used 27005K, capacity 27448K, committed 27776K, reserved 1073152K
  class space    used 2988K, capacity 3107K, committed 3200K, reserved 1048576K
}
Event: 9.678 GC heap before
{Heap before GC invocations=7 (full 3):
 PSYoungGen      total 133632K, used 2657K [0x000000076e000000, 0x0000000776c80000, 0x00000007c0000000)
  eden space 123392K, 0% used [0x000000076e000000,0x000000076e000000,0x0000000775880000)
  from space 10240K, 25% used [0x0000000776280000,0x0000000776518580,0x0000000776c80000)
  to   space 10240K, 0% used [0x0000000775880000,0x0000000775880000,0x0000000776280000)
 ParOldGen       total 75776K, used 8983K [0x00000006ca000000, 0x00000006cea00000, 0x000000076e000000)
  object space 75776K, 11% used [0x00000006ca000000,0x00000006ca8c5e38,0x00000006cea00000)
 Metaspace       used 27005K, capacity 27448K, committed 27776K, reserved 1073152K
  class space    used 2988K, capacity 3107K, committed 3200K, reserved 1048576K
Event: 9.732 GC heap after
Heap after GC invocations=7 (full 3):
 PSYoungGen      total 133632K, used 0K [0x000000076e000000, 0x0000000776c80000, 0x00000007c0000000)
  eden space 123392K, 0% used [0x000000076e000000,0x000000076e000000,0x0000000775880000)
  from space 10240K, 0% used [0x0000000776280000,0x0000000776280000,0x0000000776c80000)
  to   space 10240K, 0% used [0x0000000775880000,0x0000000775880000,0x0000000776280000)
 ParOldGen       total 75776K, used 10305K [0x00000006ca000000, 0x00000006cea00000, 0x000000076e000000)
  object space 75776K, 13% used [0x00000006ca000000,0x00000006caa10688,0x00000006cea00000)
 Metaspace       used 27005K, capacity 27448K, committed 27776K, reserved 1073152K
  class space    used 2988K, capacity 3107K, committed 3200K, reserved 1048576K
}

