# JRE version: OpenJDK Runtime Environment (8.0_362-b09) (build 1.8.0_362-b09)
# Java VM: OpenJDK 64-Bit Server VM (25.362-b09 mixed mode linux-amd64 compressed oops)
Heap:
 PSYoungGen      total 132608K, used 3124K [0x000000076e000000, 0x0000000776b80000, 0x00000007c0000000)
  eden space 122368K, 2% used [0x000000076e000000,0x000000076e30d0d8,0x0000000775780000)
  from space 10240K, 0% used [0x0000000775780000,0x0000000775780000,0x0000000776180000)
  to   space 10240K, 0% used [0x0000000776180000,0x0000000776180000,0x0000000776b80000)
 ParOldGen       total 76800K, used 8650K [0x00000006ca000000, 0x00000006ceb00000, 0x000000076e000000)
  object space 76800K, 11% used [0x00000006ca000000,0x00000006ca872868,0x00000006ceb00000)
 Metaspace       used 29037K, capacity 29574K, committed 29952K, reserved 1075200K
  class space    used 3054K, capacity 3208K, committed 3328K, reserved 1048576K
GC Heap History (10 events):
Event: 5796.892 GC heap before
{Heap before GC invocations=265 (full 132):
 PSYoungGen      total 132608K, used 576K [0x000000076e000000, 0x0000000776b80000, 0x00000007c0000000)
  eden space 122368K, 0% used [0x000000076e000000,0x000000076e000000,0x0000000775780000)
  from space 10240K, 5% used [0x0000000775780000,0x0000000775810050,0x0000000776180000)
  to   space 10240K, 0% used [0x0000000776180000,0x0000000776180000,0x0000000776b80000)
 ParOldGen       total 76800K, used 8176K [0x00000006ca000000, 0x00000006ceb00000, 0x000000076e000000)
  object space 76800K, 10% used [0x00000006ca000000,0x00000006ca7fc3e0,0x00000006ceb00000)
 Metaspace       used 28982K, capacity 29494K, committed 29696K, reserved 1075200K
  class space    used 3045K, capacity 3204K, committed 3328K, reserved 1048576K
Event: 5796.929 GC heap after
Heap after GC invocations=265 (full 132):
 PSYoungGen      total 132608K, used 0K [0x000000076e000000, 0x0000000776b80000, 0x00000007c0000000)
  eden space 122368K, 0% used [0x000000076e000000,0x000000076e000000,0x0000000775780000)
  from space 10240K, 0% used [0x0000000775780000,0x0000000775780000,0x0000000776180000)
  to   space 10240K, 0% used [0x0000000776180000,0x0000000776180000,0x0000000776b80000)
 ParOldGen       total 76800K, used 8657K [0x00000006ca000000, 0x00000006ceb00000, 0x000000076e000000)
  object space 76800K, 11% used [0x00000006ca000000,0x00000006ca874748,0x00000006ceb00000)
 Metaspace       used 28982K, capacity 29494K, committed 29696K, reserved 1075200K
  class space    used 3045K, capacity 3204K, committed 3328K, reserved 1048576K
}
Event: 5934.528 GC heap before
{Heap before GC invocations=266 (full 132):
 PSYoungGen      total 132608K, used 10168K [0x000000076e000000, 0x0000000776b80000, 0x00000007c0000000)
  eden space 122368K, 8% used [0x000000076e000000,0x000000076e9ee088,0x0000000775780000)
  from space 10240K, 0% used [0x0000000775780000,0x0000000775780000,0x0000000776180000)
  to   space 10240K, 0% used [0x0000000776180000,0x0000000776180000,0x0000000776b80000)
 ParOldGen       total 76800K, used 8657K [0x00000006ca000000, 0x00000006ceb00000, 0x000000076e000000)
  object space 76800K, 11% used [0x00000006ca000000,0x00000006ca874748,0x00000006ceb00000)
 Metaspace       used 29007K, capacity 29494K, committed 29696K, reserved 1075200K
  class space    used 3048K, capacity 3204K, committed 3328K, reserved 1048576K
Event: 5934.530 GC heap after
Heap after GC invocations=266 (full 132):
 PSYoungGen      total 132608K, used 1644K [0x000000076e000000, 0x0000000776b80000, 0x00000007c0000000)
  eden space 122368K, 0% used [0x000000076e000000,0x000000076e000000,0x0000000775780000)
  from space 10240K, 16% used [0x0000000776180000,0x000000077631b140,0x0000000776b80000)
  to   space 10240K, 0% used [0x0000000775780000,0x0000000775780000,0x0000000776180000)
 ParOldGen       total 76800K, used 8665K [0x00000006ca000000, 0x00000006ceb00000, 0x000000076e000000)
  object space 76800K, 11% used [0x00000006ca000000,0x00000006ca876748,0x00000006ceb00000)
 Metaspace       used 29007K, capacity 29494K, committed 29696K, reserved 1075200K
  class space    used 3048K, capacity 3204K, committed 3328K, reserved 1048576K
}
Event: 5934.530 GC heap before
{Heap before GC invocations=267 (full 133):
 PSYoungGen      total 132608K, used 1644K [0x000000076e000000, 0x0000000776b80000, 0x00000007c0000000)
  eden space 122368K, 0% used [0x000000076e000000,0x000000076e000000,0x0000000775780000)
  from space 10240K, 16% used [0x0000000776180000,0x000000077631b140,0x0000000776b80000)
  to   space 10240K, 0% used [0x0000000775780000,0x0000000775780000,0x0000000776180000)
 ParOldGen       total 76800K, used 8665K [0x00000006ca000000, 0x00000006ceb00000, 0x000000076e000000)
  object space 76800K, 11% used [0x00000006ca000000,0x00000006ca876748,0x00000006ceb00000)
 Metaspace       used 29007K, capacity 29494K, committed 29696K, reserved 1075200K
  class space    used 3048K, capacity 3204K, committed 3328K, reserved 1048576K
Event: 5934.553 GC heap after
Heap after GC invocations=267 (full 133):
 PSYoungGen      total 132608K, used 0K [0x000000076e000000, 0x0000000776b80000, 0x00000007c0000000)
  eden space 122368K, 0% used [0x000000076e000000,0x000000076e000000,0x0000000775780000)
  from space 10240K, 0% used [0x0000000776180000,0x0000000776180000,0x0000000776b80000)
  to   space 10240K, 0% used [0x0000000775780000,0x0000000775780000,0x0000000776180000)
 ParOldGen       total 76800K, used 8201K [0x00000006ca000000, 0x00000006ceb00000, 0x000000076e000000)
  object space 76800K, 10% used [0x00000006ca000000,0x00000006ca802618,0x00000006ceb00000)
 Metaspace       used 29007K, capacity 29494K, committed 29696K, reserved 1075200K
  class space    used 3048K, capacity 3204K, committed 3328K, reserved 1048576K
}
Event: 5934.643 GC heap before
{Heap before GC invocations=268 (full 133):
 PSYoungGen      total 132608K, used 6387K [0x000000076e000000, 0x0000000776b80000, 0x00000007c0000000)
  eden space 122368K, 5% used [0x000000076e000000,0x000000076e63cdf0,0x0000000775780000)
  from space 10240K, 0% used [0x0000000776180000,0x0000000776180000,0x0000000776b80000)
  to   space 10240K, 0% used [0x0000000775780000,0x0000000775780000,0x0000000776180000)
 ParOldGen       total 76800K, used 8201K [0x00000006ca000000, 0x00000006ceb00000, 0x000000076e000000)
  object space 76800K, 10% used [0x00000006ca000000,0x00000006ca802618,0x00000006ceb00000)
 Metaspace       used 29007K, capacity 29494K, committed 29696K, reserved 1075200K
  class space    used 3048K, capacity 3204K, committed 3328K, reserved 1048576K
Event: 5934.646 GC heap after
Heap after GC invocations=268 (full 133):
 PSYoungGen      total 132608K, used 608K [0x000000076e000000, 0x0000000776b80000, 0x00000007c0000000)
  eden space 122368K, 0% used [0x000000076e000000,0x000000076e000000,0x0000000775780000)
  from space 10240K, 5% used [0x0000000775780000,0x0000000775818050,0x0000000776180000)
  to   space 10240K, 0% used [0x0000000776180000,0x0000000776180000,0x0000000776b80000)
 ParOldGen       total 76800K, used 8201K [0x00000006ca000000, 0x00000006ceb00000, 0x000000076e000000)
  object space 76800K, 10% used [0x00000006ca000000,0x00000006ca802618,0x00000006ceb00000)
 Metaspace       used 29007K, capacity 29494K, committed 29696K, reserved 1075200K
  class space    used 3048K, capacity 3204K, committed 3328K, reserved 1048576K
}
Event: 5934.646 GC heap before
{Heap before GC invocations=269 (full 134):
 PSYoungGen      total 132608K, used 608K [0x000000076e000000, 0x0000000776b80000, 0x00000007c0000000)
  eden space 122368K, 0% used [0x000000076e000000,0x000000076e000000,0x0000000775780000)
  from space 10240K, 5% used [0x0000000775780000,0x0000000775818050,0x0000000776180000)
  to   space 10240K, 0% used [0x0000000776180000,0x0000000776180000,0x0000000776b80000)
 ParOldGen       total 76800K, used 8201K [0x00000006ca000000, 0x00000006ceb00000, 0x000000076e000000)
  object space 76800K, 10% used [0x00000006ca000000,0x00000006ca802618,0x00000006ceb00000)
 Metaspace       used 29007K, capacity 29494K, committed 29696K, reserved 1075200K
  class space    used 3048K, capacity 3204K, committed 3328K, reserved 1048576K
Event: 5934.670 GC heap after
Heap after GC invocations=269 (full 134):
 PSYoungGen      total 132608K, used 0K [0x000000076e000000, 0x0000000776b80000, 0x00000007c0000000)
  eden space 122368K, 0% used [0x000000076e000000,0x000000076e000000,0x0000000775780000)
  from space 10240K, 0% used [0x0000000775780000,0x0000000775780000,0x0000000776180000)
  to   space 10240K, 0% used [0x0000000776180000,0x0000000776180000,0x0000000776b80000)
 ParOldGen       total 76800K, used 8650K [0x00000006ca000000, 0x00000006ceb00000, 0x000000076e000000)
  object space 76800K, 11% used [0x00000006ca000000,0x00000006ca872868,0x00000006ceb00000)
 Metaspace       used 29007K, capacity 29494K, committed 29696K, reserved 1075200K
  class space    used 3048K, capacity 3204K, committed 3328K, reserved 1048576K
}

